# JRE version: OpenJDK Runtime Environment (7.0_75-b13) (build 1.7.0_75-b13)
# Java VM: OpenJDK 64-Bit Server VM (24.75-b04 mixed mode linux-amd64 compressed oops)
Heap
 PSYoungGen      total 206848K, used 100859K [0x00000000ec080000, 0x00000000faa00000, 0x0000000100000000)
  eden space 174592K, 55% used [0x00000000ec080000,0x00000000f1f449b0,0x00000000f6b00000)
  from space 32256K, 11% used [0x00000000f8a80000,0x00000000f8e3a260,0x00000000faa00000)
  to   space 32256K, 0% used [0x00000000f6b00000,0x00000000f6b00000,0x00000000f8a80000)
 ParOldGen       total 252928K, used 161606K [0x00000000c4200000, 0x00000000d3900000, 0x00000000ec080000)
  object space 252928K, 63% used [0x00000000c4200000,0x00000000cdfd1868,0x00000000d3900000)
 PSPermGen       total 21504K, used 8798K [0x00000000b9c00000, 0x00000000bb100000, 0x00000000c4200000)
  object space 21504K, 40% used [0x00000000b9c00000,0x00000000ba4979b8,0x00000000bb100000)
GC Heap History (10 events):
Event: 439,812 GC heap before
{Heap before GC invocations=61 (full 4):
 PSYoungGen      total 185344K, used 184861K [0x00000000ec080000, 0x00000000fac80000, 0x0000000100000000)
  eden space 171520K, 99% used [0x00000000ec080000,0x00000000f67f03a0,0x00000000f6800000)
  from space 13824K, 96% used [0x00000000f6800000,0x00000000f7517070,0x00000000f7580000)
  to   space 34816K, 0% used [0x00000000f8a80000,0x00000000f8a80000,0x00000000fac80000)
 ParOldGen       total 252928K, used 159734K [0x00000000c4200000, 0x00000000d3900000, 0x00000000ec080000)
  object space 252928K, 63% used [0x00000000c4200000,0x00000000cddfd868,0x00000000d3900000)
 PSPermGen       total 21504K, used 8794K [0x00000000b9c00000, 0x00000000bb100000, 0x00000000c4200000)
  object space 21504K, 40% used [0x00000000b9c00000,0x00000000ba496ab8,0x00000000bb100000)
Event: 439,824 GC heap after
Heap after GC invocations=61 (full 4):
 PSYoungGen      total 206848K, used 21650K [0x00000000ec080000, 0x00000000fae00000, 0x0000000100000000)
  eden space 172032K, 0% used [0x00000000ec080000,0x00000000ec080000,0x00000000f6880000)
  from space 34816K, 62% used [0x00000000f8a80000,0x00000000f9fa4a88,0x00000000fac80000)
  to   space 34816K, 0% used [0x00000000f6880000,0x00000000f6880000,0x00000000f8a80000)
 ParOldGen       total 252928K, used 159734K [0x00000000c4200000, 0x00000000d3900000, 0x00000000ec080000)
  object space 252928K, 63% used [0x00000000c4200000,0x00000000cddfd868,0x00000000d3900000)
 PSPermGen       total 21504K, used 8794K [0x00000000b9c00000, 0x00000000bb100000, 0x00000000c4200000)
  object space 21504K, 40% used [0x00000000b9c00000,0x00000000ba496ab8,0x00000000bb100000)
}
Event: 459,804 GC heap before
{Heap before GC invocations=62 (full 4):
 PSYoungGen      total 206848K, used 193682K [0x00000000ec080000, 0x00000000fae00000, 0x0000000100000000)
  eden space 172032K, 100% used [0x00000000ec080000,0x00000000f6880000,0x00000000f6880000)
  from space 34816K, 62% used [0x00000000f8a80000,0x00000000f9fa4a88,0x00000000fac80000)
  to   space 34816K, 0% used [0x00000000f6880000,0x00000000f6880000,0x00000000f8a80000)
 ParOldGen       total 252928K, used 159734K [0x00000000c4200000, 0x00000000d3900000, 0x00000000ec080000)
  object space 252928K, 63% used [0x00000000c4200000,0x00000000cddfd868,0x00000000d3900000)
 PSPermGen       total 21504K, used 8796K [0x00000000b9c00000, 0x00000000bb100000, 0x00000000c4200000)
  object space 21504K, 40% used [0x00000000b9c00000,0x00000000ba4970f8,0x00000000bb100000)
Event: 459,811 GC heap after
Heap after GC invocations=62 (full 4):
 PSYoungGen      total 206848K, used 6684K [0x00000000ec080000, 0x00000000fae00000, 0x0000000100000000)
  eden space 172032K, 0% used [0x00000000ec080000,0x00000000ec080000,0x00000000f6880000)
  from space 34816K, 19% used [0x00000000f6880000,0x00000000f6f07070,0x00000000f8a80000)
  to   space 34816K, 0% used [0x00000000f8c00000,0x00000000f8c00000,0x00000000fae00000)
 ParOldGen       total 252928K, used 159734K [0x00000000c4200000, 0x00000000d3900000, 0x00000000ec080000)
  object space 252928K, 63% used [0x00000000c4200000,0x00000000cddfd868,0x00000000d3900000)
 PSPermGen       total 21504K, used 8796K [0x00000000b9c00000, 0x00000000bb100000, 0x00000000c4200000)
  object space 21504K, 40% used [0x00000000b9c00000,0x00000000ba4970f8,0x00000000bb100000)
}
Event: 462,357 GC heap before
{Heap before GC invocations=63 (full 4):
 PSYoungGen      total 206848K, used 178716K [0x00000000ec080000, 0x00000000fae00000, 0x0000000100000000)
  eden space 172032K, 100% used [0x00000000ec080000,0x00000000f6880000,0x00000000f6880000)
  from space 34816K, 19% used [0x00000000f6880000,0x00000000f6f07070,0x00000000f8a80000)
  to   space 34816K, 0% used [0x00000000f8c00000,0x00000000f8c00000,0x00000000fae00000)
 ParOldGen       total 252928K, used 159734K [0x00000000c4200000, 0x00000000d3900000, 0x00000000ec080000)
  object space 252928K, 63% used [0x00000000c4200000,0x00000000cddfd868,0x00000000d3900000)
 PSPermGen       total 21504K, used 8796K [0x00000000b9c00000, 0x00000000bb100000, 0x00000000c4200000)
  object space 21504K, 40% used [0x00000000b9c00000,0x00000000ba4970f8,0x00000000bb100000)
Event: 462,365 GC heap after
Heap after GC invocations=63 (full 4):
 PSYoungGen      total 205312K, used 11484K [0x00000000ec080000, 0x00000000fab00000, 0x0000000100000000)
  eden space 173568K, 0% used [0x00000000ec080000,0x00000000ec080000,0x00000000f6a00000)
  from space 31744K, 36% used [0x00000000f8c00000,0x00000000f9737070,0x00000000fab00000)
  to   space 33280K, 0% used [0x00000000f6a00000,0x00000000f6a00000,0x00000000f8a80000)
 ParOldGen       total 252928K, used 161598K [0x00000000c4200000, 0x00000000d3900000, 0x00000000ec080000)
  object space 252928K, 63% used [0x00000000c4200000,0x00000000cdfcf868,0x00000000d3900000)
 PSPermGen       total 21504K, used 8796K [0x00000000b9c00000, 0x00000000bb100000, 0x00000000c4200000)
  object space 21504K, 40% used [0x00000000b9c00000,0x00000000ba4970f8,0x00000000bb100000)
}
Event: 480,851 GC heap before
{Heap before GC invocations=64 (full 4):
 PSYoungGen      total 205312K, used 185008K [0x00000000ec080000, 0x00000000fab00000, 0x0000000100000000)
  eden space 173568K, 99% used [0x00000000ec080000,0x00000000f69f50d8,0x00000000f6a00000)
  from space 31744K, 36% used [0x00000000f8c00000,0x00000000f9737070,0x00000000fab00000)
  to   space 33280K, 0% used [0x00000000f6a00000,0x00000000f6a00000,0x00000000f8a80000)
 ParOldGen       total 252928K, used 161598K [0x00000000c4200000, 0x00000000d3900000, 0x00000000ec080000)
  object space 252928K, 63% used [0x00000000c4200000,0x00000000cdfcf868,0x00000000d3900000)
 PSPermGen       total 21504K, used 8796K [0x00000000b9c00000, 0x00000000bb100000, 0x00000000c4200000)
  object space 21504K, 40% used [0x00000000b9c00000,0x00000000ba4970f8,0x00000000bb100000)
Event: 480,865 GC heap after
Heap after GC invocations=64 (full 4):
 PSYoungGen      total 206848K, used 15884K [0x00000000ec080000, 0x00000000faa00000, 0x0000000100000000)
  eden space 173568K, 0% used [0x00000000ec080000,0x00000000ec080000,0x00000000f6a00000)
  from space 33280K, 47% used [0x00000000f6a00000,0x00000000f7983380,0x00000000f8a80000)
  to   space 32256K, 0% used [0x00000000f8a80000,0x00000000f8a80000,0x00000000faa00000)
 ParOldGen       total 252928K, used 161606K [0x00000000c4200000, 0x00000000d3900000, 0x00000000ec080000)
  object space 252928K, 63% used [0x00000000c4200000,0x00000000cdfd1868,0x00000000d3900000)
 PSPermGen       total 21504K, used 8796K [0x00000000b9c00000, 0x00000000bb100000, 0x00000000c4200000)
  object space 21504K, 40% used [0x00000000b9c00000,0x00000000ba4970f8,0x00000000bb100000)
}
Event: 484,724 GC heap before
{Heap before GC invocations=65 (full 4):
 PSYoungGen      total 206848K, used 189452K [0x00000000ec080000, 0x00000000faa00000, 0x0000000100000000)
  eden space 173568K, 100% used [0x00000000ec080000,0x00000000f6a00000,0x00000000f6a00000)
  from space 33280K, 47% used [0x00000000f6a00000,0x00000000f7983380,0x00000000f8a80000)
  to   space 32256K, 0% used [0x00000000f8a80000,0x00000000f8a80000,0x00000000faa00000)
 ParOldGen       total 252928K, used 161606K [0x00000000c4200000, 0x00000000d3900000, 0x00000000ec080000)
  object space 252928K, 63% used [0x00000000c4200000,0x00000000cdfd1868,0x00000000d3900000)
 PSPermGen       total 21504K, used 8798K [0x00000000b9c00000, 0x00000000bb100000, 0x00000000c4200000)
  object space 21504K, 40% used [0x00000000b9c00000,0x00000000ba497878,0x00000000bb100000)
Event: 484,734 GC heap after
Heap after GC invocations=65 (full 4):
 PSYoungGen      total 206848K, used 3816K [0x00000000ec080000, 0x00000000faa00000, 0x0000000100000000)
  eden space 174592K, 0% used [0x00000000ec080000,0x00000000ec080000,0x00000000f6b00000)
  from space 32256K, 11% used [0x00000000f8a80000,0x00000000f8e3a260,0x00000000faa00000)
  to   space 32256K, 0% used [0x00000000f6b00000,0x00000000f6b00000,0x00000000f8a80000)
 ParOldGen       total 252928K, used 161606K [0x00000000c4200000, 0x00000000d3900000, 0x00000000ec080000)
  object space 252928K, 63% used [0x00000000c4200000,0x00000000cdfd1868,0x00000000d3900000)
 PSPermGen       total 21504K, used 8798K [0x00000000b9c00000, 0x00000000bb100000, 0x00000000c4200000)
  object space 21504K, 40% used [0x00000000b9c00000,0x00000000ba497878,0x00000000bb100000)
}

