# JRE version: OpenJDK Runtime Environment (7.0_75-b13) (build 1.7.0_75-b13)
# Java VM: OpenJDK 64-Bit Server VM (24.75-b04 mixed mode linux-amd64 compressed oops)
Heap
 PSYoungGen      total 316416K, used 184324K [0x00000000ec080000, 0x0000000100000000, 0x0000000100000000)
  eden space 306688K, 57% used [0x00000000ec080000,0x00000000f6d668c8,0x00000000fec00000)
  from space 9728K, 74% used [0x00000000ff680000,0x00000000ffd9a890,0x0000000100000000)
  to   space 10240K, 0% used [0x00000000fec00000,0x00000000fec00000,0x00000000ff600000)
 ParOldGen       total 487424K, used 261520K [0x00000000c4200000, 0x00000000e1e00000, 0x00000000ec080000)
  object space 487424K, 53% used [0x00000000c4200000,0x00000000d41641b0,0x00000000e1e00000)
 PSPermGen       total 21504K, used 8976K [0x00000000b9c00000, 0x00000000bb100000, 0x00000000c4200000)
  object space 21504K, 41% used [0x00000000b9c00000,0x00000000ba4c4148,0x00000000bb100000)
GC Heap History (10 events):
Event: 100956,813 GC heap before
{Heap before GC invocations=9841 (full 10):
 PSYoungGen      total 316928K, used 312348K [0x00000000ec080000, 0x0000000100000000, 0x0000000100000000)
  eden space 306688K, 100% used [0x00000000ec080000,0x00000000fec00000,0x00000000fec00000)
  from space 10240K, 55% used [0x00000000fec00000,0x00000000ff187070,0x00000000ff600000)
  to   space 10240K, 0% used [0x00000000ff600000,0x00000000ff600000,0x0000000100000000)
 ParOldGen       total 487424K, used 261520K [0x00000000c4200000, 0x00000000e1e00000, 0x00000000ec080000)
  object space 487424K, 53% used [0x00000000c4200000,0x00000000d41641b0,0x00000000e1e00000)
 PSPermGen       total 21504K, used 8976K [0x00000000b9c00000, 0x00000000bb100000, 0x00000000c4200000)
  object space 21504K, 41% used [0x00000000b9c00000,0x00000000ba4c4148,0x00000000bb100000)
Event: 100956,815 GC heap after
Heap after GC invocations=9841 (full 10):
 PSYoungGen      total 316928K, used 821K [0x00000000ec080000, 0x0000000100000000, 0x0000000100000000)
  eden space 306688K, 0% used [0x00000000ec080000,0x00000000ec080000,0x00000000fec00000)
  from space 10240K, 8% used [0x00000000ff600000,0x00000000ff6cd460,0x0000000100000000)
  to   space 10240K, 0% used [0x00000000fec00000,0x00000000fec00000,0x00000000ff600000)
 ParOldGen       total 487424K, used 261520K [0x00000000c4200000, 0x00000000e1e00000, 0x00000000ec080000)
  object space 487424K, 53% used [0x00000000c4200000,0x00000000d41641b0,0x00000000e1e00000)
 PSPermGen       total 21504K, used 8976K [0x00000000b9c00000, 0x00000000bb100000, 0x00000000c4200000)
  object space 21504K, 41% used [0x00000000b9c00000,0x00000000ba4c4148,0x00000000bb100000)
}
Event: 100964,013 GC heap before
{Heap before GC invocations=9842 (full 10):
 PSYoungGen      total 316928K, used 307509K [0x00000000ec080000, 0x0000000100000000, 0x0000000100000000)
  eden space 306688K, 100% used [0x00000000ec080000,0x00000000fec00000,0x00000000fec00000)
  from space 10240K, 8% used [0x00000000ff600000,0x00000000ff6cd460,0x0000000100000000)
  to   space 10240K, 0% used [0x00000000fec00000,0x00000000fec00000,0x00000000ff600000)
 ParOldGen       total 487424K, used 261520K [0x00000000c4200000, 0x00000000e1e00000, 0x00000000ec080000)
  object space 487424K, 53% used [0x00000000c4200000,0x00000000d41641b0,0x00000000e1e00000)
 PSPermGen       total 21504K, used 8976K [0x00000000b9c00000, 0x00000000bb100000, 0x00000000c4200000)
  object space 21504K, 41% used [0x00000000b9c00000,0x00000000ba4c4148,0x00000000bb100000)
Event: 100964,051 GC heap after
Heap after GC invocations=9842 (full 10):
 PSYoungGen      total 316928K, used 5660K [0x00000000ec080000, 0x0000000100000000, 0x0000000100000000)
  eden space 306688K, 0% used [0x00000000ec080000,0x00000000ec080000,0x00000000fec00000)
  from space 10240K, 55% used [0x00000000fec00000,0x00000000ff187070,0x00000000ff600000)
  to   space 10240K, 0% used [0x00000000ff600000,0x00000000ff600000,0x0000000100000000)
 ParOldGen       total 487424K, used 261520K [0x00000000c4200000, 0x00000000e1e00000, 0x00000000ec080000)
  object space 487424K, 53% used [0x00000000c4200000,0x00000000d41641b0,0x00000000e1e00000)
 PSPermGen       total 21504K, used 8976K [0x00000000b9c00000, 0x00000000bb100000, 0x00000000c4200000)
  object space 21504K, 41% used [0x00000000b9c00000,0x00000000ba4c4148,0x00000000bb100000)
}
Event: 100973,334 GC heap before
{Heap before GC invocations=9843 (full 10):
 PSYoungGen      total 316928K, used 312348K [0x00000000ec080000, 0x0000000100000000, 0x0000000100000000)
  eden space 306688K, 100% used [0x00000000ec080000,0x00000000fec00000,0x00000000fec00000)
  from space 10240K, 55% used [0x00000000fec00000,0x00000000ff187070,0x00000000ff600000)
  to   space 10240K, 0% used [0x00000000ff600000,0x00000000ff600000,0x0000000100000000)
 ParOldGen       total 487424K, used 261520K [0x00000000c4200000, 0x00000000e1e00000, 0x00000000ec080000)
  object space 487424K, 53% used [0x00000000c4200000,0x00000000d41641b0,0x00000000e1e00000)
 PSPermGen       total 21504K, used 8976K [0x00000000b9c00000, 0x00000000bb100000, 0x00000000c4200000)
  object space 21504K, 41% used [0x00000000b9c00000,0x00000000ba4c4148,0x00000000bb100000)
Event: 100973,338 GC heap after
Heap after GC invocations=9843 (full 10):
 PSYoungGen      total 315904K, used 3932K [0x00000000ec080000, 0x00000000fff00000, 0x0000000100000000)
  eden space 306688K, 0% used [0x00000000ec080000,0x00000000ec080000,0x00000000fec00000)
  from space 9216K, 42% used [0x00000000ff600000,0x00000000ff9d7070,0x00000000fff00000)
  to   space 9728K, 0% used [0x00000000fec00000,0x00000000fec00000,0x00000000ff580000)
 ParOldGen       total 487424K, used 261520K [0x00000000c4200000, 0x00000000e1e00000, 0x00000000ec080000)
  object space 487424K, 53% used [0x00000000c4200000,0x00000000d41641b0,0x00000000e1e00000)
 PSPermGen       total 21504K, used 8976K [0x00000000b9c00000, 0x00000000bb100000, 0x00000000c4200000)
  object space 21504K, 41% used [0x00000000b9c00000,0x00000000ba4c4148,0x00000000bb100000)
}
Event: 100980,521 GC heap before
{Heap before GC invocations=9844 (full 10):
 PSYoungGen      total 315904K, used 310620K [0x00000000ec080000, 0x00000000fff00000, 0x0000000100000000)
  eden space 306688K, 100% used [0x00000000ec080000,0x00000000fec00000,0x00000000fec00000)
  from space 9216K, 42% used [0x00000000ff600000,0x00000000ff9d7070,0x00000000fff00000)
  to   space 9728K, 0% used [0x00000000fec00000,0x00000000fec00000,0x00000000ff580000)
 ParOldGen       total 487424K, used 261520K [0x00000000c4200000, 0x00000000e1e00000, 0x00000000ec080000)
  object space 487424K, 53% used [0x00000000c4200000,0x00000000d41641b0,0x00000000e1e00000)
 PSPermGen       total 21504K, used 8976K [0x00000000b9c00000, 0x00000000bb100000, 0x00000000c4200000)
  object space 21504K, 41% used [0x00000000b9c00000,0x00000000ba4c4148,0x00000000bb100000)
Event: 100980,528 GC heap after
Heap after GC invocations=9844 (full 10):
 PSYoungGen      total 316416K, used 5660K [0x00000000ec080000, 0x0000000100000000, 0x0000000100000000)
  eden space 306688K, 0% used [0x00000000ec080000,0x00000000ec080000,0x00000000fec00000)
  from space 9728K, 58% used [0x00000000fec00000,0x00000000ff187070,0x00000000ff580000)
  to   space 9728K, 0% used [0x00000000ff680000,0x00000000ff680000,0x0000000100000000)
 ParOldGen       total 487424K, used 261520K [0x00000000c4200000, 0x00000000e1e00000, 0x00000000ec080000)
  object space 487424K, 53% used [0x00000000c4200000,0x00000000d41641b0,0x00000000e1e00000)
 PSPermGen       total 21504K, used 8976K [0x00000000b9c00000, 0x00000000bb100000, 0x00000000c4200000)
  object space 21504K, 41% used [0x00000000b9c00000,0x00000000ba4c4148,0x00000000bb100000)
}
Event: 100987,849 GC heap before
{Heap before GC invocations=9845 (full 10):
 PSYoungGen      total 316416K, used 312348K [0x00000000ec080000, 0x0000000100000000, 0x0000000100000000)
  eden space 306688K, 100% used [0x00000000ec080000,0x00000000fec00000,0x00000000fec00000)
  from space 9728K, 58% used [0x00000000fec00000,0x00000000ff187070,0x00000000ff580000)
  to   space 9728K, 0% used [0x00000000ff680000,0x00000000ff680000,0x0000000100000000)
 ParOldGen       total 487424K, used 261520K [0x00000000c4200000, 0x00000000e1e00000, 0x00000000ec080000)
  object space 487424K, 53% used [0x00000000c4200000,0x00000000d41641b0,0x00000000e1e00000)
 PSPermGen       total 21504K, used 8976K [0x00000000b9c00000, 0x00000000bb100000, 0x00000000c4200000)
  object space 21504K, 41% used [0x00000000b9c00000,0x00000000ba4c4148,0x00000000bb100000)
Event: 100987,856 GC heap after
Heap after GC invocations=9845 (full 10):
 PSYoungGen      total 316416K, used 7274K [0x00000000ec080000, 0x0000000100000000, 0x0000000100000000)
  eden space 306688K, 0% used [0x00000000ec080000,0x00000000ec080000,0x00000000fec00000)
  from space 9728K, 74% used [0x00000000ff680000,0x00000000ffd9a890,0x0000000100000000)
  to   space 10240K, 0% used [0x00000000fec00000,0x00000000fec00000,0x00000000ff600000)
 ParOldGen       total 487424K, used 261520K [0x00000000c4200000, 0x00000000e1e00000, 0x00000000ec080000)
  object space 487424K, 53% used [0x00000000c4200000,0x00000000d41641b0,0x00000000e1e00000)
 PSPermGen       total 21504K, used 8976K [0x00000000b9c00000, 0x00000000bb100000, 0x00000000c4200000)
  object space 21504K, 41% used [0x00000000b9c00000,0x00000000ba4c4148,0x00000000bb100000)
}

