# JRE version: OpenJDK Runtime Environment (7.0_55-b14) (build 1.7.0_55-b14)
# Java VM: OpenJDK 64-Bit Server VM (24.51-b03 mixed mode linux-amd64 compressed oops)
Heap
 PSYoungGen      total 76800K, used 5255K [0x00000000ec000000, 0x00000000f5000000, 0x0000000100000000)
  eden space 72192K, 1% used [0x00000000ec000000,0x00000000ec1026b0,0x00000000f0680000)
  from space 4608K, 91% used [0x00000000f3c00000,0x00000000f401f560,0x00000000f4080000)
  to   space 13312K, 0% used [0x00000000f4300000,0x00000000f4300000,0x00000000f5000000)
 ParOldGen       total 40960K, used 24930K [0x00000000c4000000, 0x00000000c6800000, 0x00000000ec000000)
  object space 40960K, 60% used [0x00000000c4000000,0x00000000c5858a18,0x00000000c6800000)
 PSPermGen       total 21504K, used 7225K [0x00000000b9a00000, 0x00000000baf00000, 0x00000000c4000000)
  object space 21504K, 33% used [0x00000000b9a00000,0x00000000ba10e748,0x00000000baf00000)
GC Heap History (10 events):
Event: 70,979 GC heap before
{Heap before GC invocations=21 (full 0):
 PSYoungGen      total 90624K, used 90214K [0x00000000ec000000, 0x00000000f6880000, 0x0000000100000000)
  eden space 88064K, 100% used [0x00000000ec000000,0x00000000f1600000,0x00000000f1600000)
  from space 2560K, 84% used [0x00000000f6600000,0x00000000f6819be0,0x00000000f6880000)
  to   space 13312K, 0% used [0x00000000f4e80000,0x00000000f4e80000,0x00000000f5b80000)
 ParOldGen       total 40960K, used 24387K [0x00000000c4000000, 0x00000000c6800000, 0x00000000ec000000)
  object space 40960K, 59% used [0x00000000c4000000,0x00000000c57d0cd8,0x00000000c6800000)
 PSPermGen       total 21504K, used 7203K [0x00000000b9a00000, 0x00000000baf00000, 0x00000000c4000000)
  object space 21504K, 33% used [0x00000000b9a00000,0x00000000ba108ed0,0x00000000baf00000)
Event: 70,998 GC heap after
Heap after GC invocations=21 (full 0):
 PSYoungGen      total 91136K, used 6283K [0x00000000ec000000, 0x00000000f6680000, 0x0000000100000000)
  eden space 84480K, 0% used [0x00000000ec000000,0x00000000ec000000,0x00000000f1280000)
  from space 6656K, 94% used [0x00000000f4e80000,0x00000000f54a2eb0,0x00000000f5500000)
  to   space 12800K, 0% used [0x00000000f5a00000,0x00000000f5a00000,0x00000000f6680000)
 ParOldGen       total 40960K, used 24387K [0x00000000c4000000, 0x00000000c6800000, 0x00000000ec000000)
  object space 40960K, 59% used [0x00000000c4000000,0x00000000c57d0cd8,0x00000000c6800000)
 PSPermGen       total 21504K, used 7203K [0x00000000b9a00000, 0x00000000baf00000, 0x00000000c4000000)
  object space 21504K, 33% used [0x00000000b9a00000,0x00000000ba108ed0,0x00000000baf00000)
}
Event: 75,758 GC heap before
{Heap before GC invocations=22 (full 0):
 PSYoungGen      total 91136K, used 90763K [0x00000000ec000000, 0x00000000f6680000, 0x0000000100000000)
  eden space 84480K, 100% used [0x00000000ec000000,0x00000000f1280000,0x00000000f1280000)
  from space 6656K, 94% used [0x00000000f4e80000,0x00000000f54a2eb0,0x00000000f5500000)
  to   space 12800K, 0% used [0x00000000f5a00000,0x00000000f5a00000,0x00000000f6680000)
 ParOldGen       total 40960K, used 24387K [0x00000000c4000000, 0x00000000c6800000, 0x00000000ec000000)
  object space 40960K, 59% used [0x00000000c4000000,0x00000000c57d0cd8,0x00000000c6800000)
 PSPermGen       total 21504K, used 7210K [0x00000000b9a00000, 0x00000000baf00000, 0x00000000c4000000)
  object space 21504K, 33% used [0x00000000b9a00000,0x00000000ba10a948,0x00000000baf00000)
Event: 75,771 GC heap after
Heap after GC invocations=22 (full 0):
 PSYoungGen      total 94208K, used 12790K [0x00000000ec000000, 0x00000000f6680000, 0x0000000100000000)
  eden space 81408K, 0% used [0x00000000ec000000,0x00000000ec000000,0x00000000f0f80000)
  from space 12800K, 99% used [0x00000000f5a00000,0x00000000f667d920,0x00000000f6680000)
  to   space 14848K, 0% used [0x00000000f4980000,0x00000000f4980000,0x00000000f5800000)
 ParOldGen       total 40960K, used 24906K [0x00000000c4000000, 0x00000000c6800000, 0x00000000ec000000)
  object space 40960K, 60% used [0x00000000c4000000,0x00000000c5852a18,0x00000000c6800000)
 PSPermGen       total 21504K, used 7210K [0x00000000b9a00000, 0x00000000baf00000, 0x00000000c4000000)
  object space 21504K, 33% used [0x00000000b9a00000,0x00000000ba10a948,0x00000000baf00000)
}
Event: 78,273 GC heap before
{Heap before GC invocations=23 (full 0):
 PSYoungGen      total 94208K, used 94198K [0x00000000ec000000, 0x00000000f6680000, 0x0000000100000000)
  eden space 81408K, 100% used [0x00000000ec000000,0x00000000f0f80000,0x00000000f0f80000)
  from space 12800K, 99% used [0x00000000f5a00000,0x00000000f667d920,0x00000000f6680000)
  to   space 14848K, 0% used [0x00000000f4980000,0x00000000f4980000,0x00000000f5800000)
 ParOldGen       total 40960K, used 24906K [0x00000000c4000000, 0x00000000c6800000, 0x00000000ec000000)
  object space 40960K, 60% used [0x00000000c4000000,0x00000000c5852a18,0x00000000c6800000)
 PSPermGen       total 21504K, used 7213K [0x00000000b9a00000, 0x00000000baf00000, 0x00000000c4000000)
  object space 21504K, 33% used [0x00000000b9a00000,0x00000000ba10b628,0x00000000baf00000)
Event: 78,287 GC heap after
Heap after GC invocations=23 (full 0):
 PSYoungGen      total 84480K, used 5707K [0x00000000ec000000, 0x00000000f5a80000, 0x0000000100000000)
  eden space 78336K, 0% used [0x00000000ec000000,0x00000000ec000000,0x00000000f0c80000)
  from space 6144K, 92% used [0x00000000f4980000,0x00000000f4f12eb0,0x00000000f4f80000)
  to   space 11264K, 0% used [0x00000000f4f80000,0x00000000f4f80000,0x00000000f5a80000)
 ParOldGen       total 40960K, used 24914K [0x00000000c4000000, 0x00000000c6800000, 0x00000000ec000000)
  object space 40960K, 60% used [0x00000000c4000000,0x00000000c5854a18,0x00000000c6800000)
 PSPermGen       total 21504K, used 7213K [0x00000000b9a00000, 0x00000000baf00000, 0x00000000c4000000)
  object space 21504K, 33% used [0x00000000b9a00000,0x00000000ba10b628,0x00000000baf00000)
}
Event: 81,398 GC heap before
{Heap before GC invocations=24 (full 0):
 PSYoungGen      total 84480K, used 83508K [0x00000000ec000000, 0x00000000f5a80000, 0x0000000100000000)
  eden space 78336K, 99% used [0x00000000ec000000,0x00000000f0bfa380,0x00000000f0c80000)
  from space 6144K, 92% used [0x00000000f4980000,0x00000000f4f12eb0,0x00000000f4f80000)
  to   space 11264K, 0% used [0x00000000f4f80000,0x00000000f4f80000,0x00000000f5a80000)
 ParOldGen       total 40960K, used 24914K [0x00000000c4000000, 0x00000000c6800000, 0x00000000ec000000)
  object space 40960K, 60% used [0x00000000c4000000,0x00000000c5854a18,0x00000000c6800000)
 PSPermGen       total 21504K, used 7215K [0x00000000b9a00000, 0x00000000baf00000, 0x00000000c4000000)
  object space 21504K, 33% used [0x00000000b9a00000,0x00000000ba10bda0,0x00000000baf00000)
Event: 81,406 GC heap after
Heap after GC invocations=24 (full 0):
 PSYoungGen      total 81920K, used 6403K [0x00000000ec000000, 0x00000000f5600000, 0x0000000100000000)
  eden space 75264K, 0% used [0x00000000ec000000,0x00000000ec000000,0x00000000f0980000)
  from space 6656K, 96% used [0x00000000f4f80000,0x00000000f55c0c00,0x00000000f5600000)
  to   space 13312K, 0% used [0x00000000f3c00000,0x00000000f3c00000,0x00000000f4900000)
 ParOldGen       total 40960K, used 24922K [0x00000000c4000000, 0x00000000c6800000, 0x00000000ec000000)
  object space 40960K, 60% used [0x00000000c4000000,0x00000000c5856a18,0x00000000c6800000)
 PSPermGen       total 21504K, used 7215K [0x00000000b9a00000, 0x00000000baf00000, 0x00000000c4000000)
  object space 21504K, 33% used [0x00000000b9a00000,0x00000000ba10bda0,0x00000000baf00000)
}
Event: 86,205 GC heap before
{Heap before GC invocations=25 (full 0):
 PSYoungGen      total 81920K, used 81667K [0x00000000ec000000, 0x00000000f5600000, 0x0000000100000000)
  eden space 75264K, 100% used [0x00000000ec000000,0x00000000f0980000,0x00000000f0980000)
  from space 6656K, 96% used [0x00000000f4f80000,0x00000000f55c0c00,0x00000000f5600000)
  to   space 13312K, 0% used [0x00000000f3c00000,0x00000000f3c00000,0x00000000f4900000)
 ParOldGen       total 40960K, used 24922K [0x00000000c4000000, 0x00000000c6800000, 0x00000000ec000000)
  object space 40960K, 60% used [0x00000000c4000000,0x00000000c5856a18,0x00000000c6800000)
 PSPermGen       total 21504K, used 7224K [0x00000000b9a00000, 0x00000000baf00000, 0x00000000c4000000)
  object space 21504K, 33% used [0x00000000b9a00000,0x00000000ba10e158,0x00000000baf00000)
Event: 86,241 GC heap after
Heap after GC invocations=25 (full 0):
 PSYoungGen      total 76800K, used 4221K [0x00000000ec000000, 0x00000000f5000000, 0x0000000100000000)
  eden space 72192K, 0% used [0x00000000ec000000,0x00000000ec000000,0x00000000f0680000)
  from space 4608K, 91% used [0x00000000f3c00000,0x00000000f401f560,0x00000000f4080000)
  to   space 13312K, 0% used [0x00000000f4300000,0x00000000f4300000,0x00000000f5000000)
 ParOldGen       total 40960K, used 24930K [0x00000000c4000000, 0x00000000c6800000, 0x00000000ec000000)
  object space 40960K, 60% used [0x00000000c4000000,0x00000000c5858a18,0x00000000c6800000)
 PSPermGen       total 21504K, used 7224K [0x00000000b9a00000, 0x00000000baf00000, 0x00000000c4000000)
  object space 21504K, 33% used [0x00000000b9a00000,0x00000000ba10e158,0x00000000baf00000)
}

