# JRE version: OpenJDK Runtime Environment (7.0_55-b14) (build 1.7.0_55-b14)
# Java VM: OpenJDK 64-Bit Server VM (24.51-b03 mixed mode linux-amd64 compressed oops)
Heap
 PSYoungGen      total 136704K, used 92656K [0x00000000ec000000, 0x00000000f5b00000, 0x0000000100000000)
  eden space 131072K, 66% used [0x00000000ec000000,0x00000000f14fe140,0x00000000f4000000)
  from space 5632K, 99% used [0x00000000f5580000,0x00000000f5afe0a0,0x00000000f5b00000)
  to   space 10752K, 0% used [0x00000000f4600000,0x00000000f4600000,0x00000000f5080000)
 ParOldGen       total 40960K, used 15550K [0x00000000c4000000, 0x00000000c6800000, 0x00000000ec000000)
  object space 40960K, 37% used [0x00000000c4000000,0x00000000c4f2fb10,0x00000000c6800000)
 PSPermGen       total 21504K, used 7074K [0x00000000b9a00000, 0x00000000baf00000, 0x00000000c4000000)
  object space 21504K, 32% used [0x00000000b9a00000,0x00000000ba0e8828,0x00000000baf00000)
GC Heap History (10 events):
Event: 17,551 GC heap before
{Heap before GC invocations=10 (full 0):
 PSYoungGen      total 62976K, used 62956K [0x00000000ec000000, 0x00000000f2700000, 0x0000000100000000)
  eden space 56320K, 100% used [0x00000000ec000000,0x00000000ef700000,0x00000000ef700000)
  from space 6656K, 99% used [0x00000000ef700000,0x00000000efd7b2a0,0x00000000efd80000)
  to   space 7680K, 0% used [0x00000000f1f80000,0x00000000f1f80000,0x00000000f2700000)
 ParOldGen       total 40960K, used 9203K [0x00000000c4000000, 0x00000000c6800000, 0x00000000ec000000)
  object space 40960K, 22% used [0x00000000c4000000,0x00000000c48fce20,0x00000000c6800000)
 PSPermGen       total 21504K, used 6776K [0x00000000b9a00000, 0x00000000baf00000, 0x00000000c4000000)
  object space 21504K, 31% used [0x00000000b9a00000,0x00000000ba09e0c0,0x00000000baf00000)
Event: 17,588 GC heap after
Heap after GC invocations=10 (full 0):
 PSYoungGen      total 97280K, used 6496K [0x00000000ec000000, 0x00000000f2800000, 0x0000000100000000)
  eden space 89600K, 0% used [0x00000000ec000000,0x00000000ec000000,0x00000000f1780000)
  from space 7680K, 84% used [0x00000000f1f80000,0x00000000f25d81e0,0x00000000f2700000)
  to   space 8192K, 0% used [0x00000000f1780000,0x00000000f1780000,0x00000000f1f80000)
 ParOldGen       total 40960K, used 12592K [0x00000000c4000000, 0x00000000c6800000, 0x00000000ec000000)
  object space 40960K, 30% used [0x00000000c4000000,0x00000000c4c4c2c0,0x00000000c6800000)
 PSPermGen       total 21504K, used 6776K [0x00000000b9a00000, 0x00000000baf00000, 0x00000000c4000000)
  object space 21504K, 31% used [0x00000000b9a00000,0x00000000ba09e0c0,0x00000000baf00000)
}
Event: 35,237 GC heap before
{Heap before GC invocations=11 (full 0):
 PSYoungGen      total 97280K, used 95814K [0x00000000ec000000, 0x00000000f2800000, 0x0000000100000000)
  eden space 89600K, 99% used [0x00000000ec000000,0x00000000f1739988,0x00000000f1780000)
  from space 7680K, 84% used [0x00000000f1f80000,0x00000000f25d81e0,0x00000000f2700000)
  to   space 8192K, 0% used [0x00000000f1780000,0x00000000f1780000,0x00000000f1f80000)
 ParOldGen       total 40960K, used 12592K [0x00000000c4000000, 0x00000000c6800000, 0x00000000ec000000)
  object space 40960K, 30% used [0x00000000c4000000,0x00000000c4c4c2c0,0x00000000c6800000)
 PSPermGen       total 21504K, used 6948K [0x00000000b9a00000, 0x00000000baf00000, 0x00000000c4000000)
  object space 21504K, 32% used [0x00000000b9a00000,0x00000000ba0c9328,0x00000000baf00000)
Event: 35,257 GC heap after
Heap after GC invocations=11 (full 0):
 PSYoungGen      total 97792K, used 8184K [0x00000000ec000000, 0x00000000f5f00000, 0x0000000100000000)
  eden space 89600K, 0% used [0x00000000ec000000,0x00000000ec000000,0x00000000f1780000)
  from space 8192K, 99% used [0x00000000f1780000,0x00000000f1f7e0e8,0x00000000f1f80000)
  to   space 9728K, 0% used [0x00000000f5580000,0x00000000f5580000,0x00000000f5f00000)
 ParOldGen       total 40960K, used 13058K [0x00000000c4000000, 0x00000000c6800000, 0x00000000ec000000)
  object space 40960K, 31% used [0x00000000c4000000,0x00000000c4cc0930,0x00000000c6800000)
 PSPermGen       total 21504K, used 6948K [0x00000000b9a00000, 0x00000000baf00000, 0x00000000c4000000)
  object space 21504K, 32% used [0x00000000b9a00000,0x00000000ba0c9328,0x00000000baf00000)
}
Event: 38,208 GC heap before
{Heap before GC invocations=12 (full 0):
 PSYoungGen      total 97792K, used 97413K [0x00000000ec000000, 0x00000000f5f00000, 0x0000000100000000)
  eden space 89600K, 99% used [0x00000000ec000000,0x00000000f1723668,0x00000000f1780000)
  from space 8192K, 99% used [0x00000000f1780000,0x00000000f1f7e0e8,0x00000000f1f80000)
  to   space 9728K, 0% used [0x00000000f5580000,0x00000000f5580000,0x00000000f5f00000)
 ParOldGen       total 40960K, used 13058K [0x00000000c4000000, 0x00000000c6800000, 0x00000000ec000000)
  object space 40960K, 31% used [0x00000000c4000000,0x00000000c4cc0930,0x00000000c6800000)
 PSPermGen       total 21504K, used 7057K [0x00000000b9a00000, 0x00000000baf00000, 0x00000000c4000000)
  object space 21504K, 32% used [0x00000000b9a00000,0x00000000ba0e44d0,0x00000000baf00000)
Event: 38,215 GC heap after
Heap after GC invocations=12 (full 0):
 PSYoungGen      total 153088K, used 2008K [0x00000000ec000000, 0x00000000f5f00000, 0x0000000100000000)
  eden space 143360K, 0% used [0x00000000ec000000,0x00000000ec000000,0x00000000f4c00000)
  from space 9728K, 20% used [0x00000000f5580000,0x00000000f5776018,0x00000000f5f00000)
  to   space 9728K, 0% used [0x00000000f4c00000,0x00000000f4c00000,0x00000000f5580000)
 ParOldGen       total 40960K, used 13090K [0x00000000c4000000, 0x00000000c6800000, 0x00000000ec000000)
  object space 40960K, 31% used [0x00000000c4000000,0x00000000c4cc8930,0x00000000c6800000)
 PSPermGen       total 21504K, used 7057K [0x00000000b9a00000, 0x00000000baf00000, 0x00000000c4000000)
  object space 21504K, 32% used [0x00000000b9a00000,0x00000000ba0e44d0,0x00000000baf00000)
}
Event: 55,130 GC heap before
{Heap before GC invocations=13 (full 0):
 PSYoungGen      total 153088K, used 145354K [0x00000000ec000000, 0x00000000f5f00000, 0x0000000100000000)
  eden space 143360K, 99% used [0x00000000ec000000,0x00000000f4bfca10,0x00000000f4c00000)
  from space 9728K, 20% used [0x00000000f5580000,0x00000000f5776018,0x00000000f5f00000)
  to   space 9728K, 0% used [0x00000000f4c00000,0x00000000f4c00000,0x00000000f5580000)
 ParOldGen       total 40960K, used 13090K [0x00000000c4000000, 0x00000000c6800000, 0x00000000ec000000)
  object space 40960K, 31% used [0x00000000c4000000,0x00000000c4cc8930,0x00000000c6800000)
 PSPermGen       total 21504K, used 7069K [0x00000000b9a00000, 0x00000000baf00000, 0x00000000c4000000)
  object space 21504K, 32% used [0x00000000b9a00000,0x00000000ba0e7540,0x00000000baf00000)
Event: 55,139 GC heap after
Heap after GC invocations=13 (full 0):
 PSYoungGen      total 146944K, used 9394K [0x00000000ec000000, 0x00000000f5b00000, 0x0000000100000000)
  eden space 137216K, 0% used [0x00000000ec000000,0x00000000ec000000,0x00000000f4600000)
  from space 9728K, 96% used [0x00000000f4c00000,0x00000000f552c9d8,0x00000000f5580000)
  to   space 5632K, 0% used [0x00000000f5580000,0x00000000f5580000,0x00000000f5b00000)
 ParOldGen       total 40960K, used 14792K [0x00000000c4000000, 0x00000000c6800000, 0x00000000ec000000)
  object space 40960K, 36% used [0x00000000c4000000,0x00000000c4e72380,0x00000000c6800000)
 PSPermGen       total 21504K, used 7069K [0x00000000b9a00000, 0x00000000baf00000, 0x00000000c4000000)
  object space 21504K, 32% used [0x00000000b9a00000,0x00000000ba0e7540,0x00000000baf00000)
}
Event: 57,138 GC heap before
{Heap before GC invocations=14 (full 0):
 PSYoungGen      total 146944K, used 146610K [0x00000000ec000000, 0x00000000f5b00000, 0x0000000100000000)
  eden space 137216K, 100% used [0x00000000ec000000,0x00000000f4600000,0x00000000f4600000)
  from space 9728K, 96% used [0x00000000f4c00000,0x00000000f552c9d8,0x00000000f5580000)
  to   space 5632K, 0% used [0x00000000f5580000,0x00000000f5580000,0x00000000f5b00000)
 ParOldGen       total 40960K, used 14792K [0x00000000c4000000, 0x00000000c6800000, 0x00000000ec000000)
  object space 40960K, 36% used [0x00000000c4000000,0x00000000c4e72380,0x00000000c6800000)
 PSPermGen       total 21504K, used 7072K [0x00000000b9a00000, 0x00000000baf00000, 0x00000000c4000000)
  object space 21504K, 32% used [0x00000000b9a00000,0x00000000ba0e8120,0x00000000baf00000)
Event: 57,142 GC heap after
Heap after GC invocations=14 (full 0):
 PSYoungGen      total 136704K, used 5624K [0x00000000ec000000, 0x00000000f5b00000, 0x0000000100000000)
  eden space 131072K, 0% used [0x00000000ec000000,0x00000000ec000000,0x00000000f4000000)
  from space 5632K, 99% used [0x00000000f5580000,0x00000000f5afe0a0,0x00000000f5b00000)
  to   space 10752K, 0% used [0x00000000f4600000,0x00000000f4600000,0x00000000f5080000)
 ParOldGen       total 40960K, used 15550K [0x00000000c4000000, 0x00000000c6800000, 0x00000000ec000000)
  object space 40960K, 37% used [0x00000000c4000000,0x00000000c4f2fb10,0x00000000c6800000)
 PSPermGen       total 21504K, used 7072K [0x00000000b9a00000, 0x00000000baf00000, 0x00000000c4000000)
  object space 21504K, 32% used [0x00000000b9a00000,0x00000000ba0e8120,0x00000000baf00000)
}

